1741604754.029320 client started (75762): version 3.5a, socket /private/tmp/tmux-501/default, protocol 8
1741604754.029376 on Darwin 24.3.0 Darwin Kernel Version 24.3.0: Thu Jan  2 20:22:00 PST 2025; root:xnu-11215.81.4~3/RELEASE_X86_64
1741604754.029394 using libevent 2.1.12-stable select
1741604754.029410 using utf8proc 2.10.0
1741604754.029421 using ncurses 6.5 20240427
1741604754.029453 flags are 0x10010000
1741604754.029464 socket is /private/tmp/tmux-501/default
1741604754.029479 trying connect
1741604754.029558 add peer 0x7fe4cc830000: 7 (0x0)
1741604754.032490 sending message 111 to peer 0x7fe4cc830000 (8 bytes)
1741604754.032520 sending message 111 to peer 0x7fe4cc830000 (8 bytes)
1741604754.032532 sending message 101 to peer 0x7fe4cc830000 (14 bytes)
1741604754.032542 sending message 109 to peer 0x7fe4cc830000 (4 bytes)
1741604754.032551 sending message 102 to peer 0x7fe4cc830000 (13 bytes)
1741604754.032562 sending message 108 to peer 0x7fe4cc830000 (44 bytes)
1741604754.032571 sending message 112 to peer 0x7fe4cc830000 (70 bytes)
1741604754.032580 sending message 112 to peer 0x7fe4cc830000 (5 bytes)
1741604754.032590 sending message 112 to peer 0x7fe4cc830000 (5 bytes)
1741604754.032599 sending message 112 to peer 0x7fe4cc830000 (6 bytes)
1741604754.032608 sending message 112 to peer 0x7fe4cc830000 (6 bytes)
1741604754.032617 sending message 112 to peer 0x7fe4cc830000 (11 bytes)
1741604754.032626 sending message 112 to peer 0x7fe4cc830000 (10 bytes)
1741604754.032636 sending message 112 to peer 0x7fe4cc830000 (13 bytes)
1741604754.032645 sending message 112 to peer 0x7fe4cc830000 (13 bytes)
1741604754.032654 sending message 112 to peer 0x7fe4cc830000 (18 bytes)
1741604754.032663 sending message 112 to peer 0x7fe4cc830000 (11 bytes)
1741604754.032672 sending message 112 to peer 0x7fe4cc830000 (10 bytes)
1741604754.032682 sending message 112 to peer 0x7fe4cc830000 (15 bytes)
1741604754.032691 sending message 112 to peer 0x7fe4cc830000 (21 bytes)
1741604754.032700 sending message 112 to peer 0x7fe4cc830000 (13 bytes)
1741604754.032709 sending message 112 to peer 0x7fe4cc830000 (7 bytes)
1741604754.032718 sending message 112 to peer 0x7fe4cc830000 (13 bytes)
1741604754.032727 sending message 112 to peer 0x7fe4cc830000 (7 bytes)
1741604754.032736 sending message 112 to peer 0x7fe4cc830000 (13 bytes)
1741604754.032746 sending message 112 to peer 0x7fe4cc830000 (9 bytes)
1741604754.032755 sending message 112 to peer 0x7fe4cc830000 (21 bytes)
1741604754.032764 sending message 112 to peer 0x7fe4cc830000 (13 bytes)
1741604754.032773 sending message 112 to peer 0x7fe4cc830000 (8 bytes)
1741604754.032782 sending message 112 to peer 0x7fe4cc830000 (12 bytes)
1741604754.032792 sending message 112 to peer 0x7fe4cc830000 (13 bytes)
1741604754.032801 sending message 112 to peer 0x7fe4cc830000 (9 bytes)
1741604754.032810 sending message 112 to peer 0x7fe4cc830000 (9 bytes)
1741604754.032819 sending message 112 to peer 0x7fe4cc830000 (12 bytes)
1741604754.032828 sending message 112 to peer 0x7fe4cc830000 (8 bytes)
1741604754.032837 sending message 112 to peer 0x7fe4cc830000 (8 bytes)
1741604754.032846 sending message 112 to peer 0x7fe4cc830000 (7 bytes)
1741604754.032855 sending message 112 to peer 0x7fe4cc830000 (7 bytes)
1741604754.032865 sending message 112 to peer 0x7fe4cc830000 (9 bytes)
1741604754.032874 sending message 112 to peer 0x7fe4cc830000 (13 bytes)
1741604754.032883 sending message 112 to peer 0x7fe4cc830000 (6 bytes)
1741604754.032893 sending message 112 to peer 0x7fe4cc830000 (9 bytes)
1741604754.032902 sending message 112 to peer 0x7fe4cc830000 (15 bytes)
1741604754.032912 sending message 112 to peer 0x7fe4cc830000 (13 bytes)
1741604754.032921 sending message 112 to peer 0x7fe4cc830000 (12 bytes)
1741604754.032930 sending message 112 to peer 0x7fe4cc830000 (8 bytes)
1741604754.032939 sending message 112 to peer 0x7fe4cc830000 (14 bytes)
1741604754.032948 sending message 112 to peer 0x7fe4cc830000 (11 bytes)
1741604754.032958 sending message 112 to peer 0x7fe4cc830000 (9 bytes)
1741604754.032967 sending message 112 to peer 0x7fe4cc830000 (10 bytes)
1741604754.032991 sending message 112 to peer 0x7fe4cc830000 (10 bytes)
1741604754.032998 sending message 112 to peer 0x7fe4cc830000 (10 bytes)
1741604754.033005 sending message 112 to peer 0x7fe4cc830000 (10 bytes)
1741604754.033012 sending message 112 to peer 0x7fe4cc830000 (11 bytes)
1741604754.033019 sending message 112 to peer 0x7fe4cc830000 (12 bytes)
1741604754.033025 sending message 112 to peer 0x7fe4cc830000 (12 bytes)
1741604754.033032 sending message 112 to peer 0x7fe4cc830000 (12 bytes)
1741604754.033042 sending message 112 to peer 0x7fe4cc830000 (12 bytes)
1741604754.033049 sending message 112 to peer 0x7fe4cc830000 (12 bytes)
1741604754.033056 sending message 112 to peer 0x7fe4cc830000 (11 bytes)
1741604754.033062 sending message 112 to peer 0x7fe4cc830000 (11 bytes)
1741604754.033069 sending message 112 to peer 0x7fe4cc830000 (12 bytes)
1741604754.033075 sending message 112 to peer 0x7fe4cc830000 (12 bytes)
1741604754.033082 sending message 112 to peer 0x7fe4cc830000 (12 bytes)
1741604754.033089 sending message 112 to peer 0x7fe4cc830000 (12 bytes)
1741604754.033095 sending message 112 to peer 0x7fe4cc830000 (12 bytes)
1741604754.033102 sending message 112 to peer 0x7fe4cc830000 (10 bytes)
1741604754.033108 sending message 112 to peer 0x7fe4cc830000 (12 bytes)
1741604754.033115 sending message 112 to peer 0x7fe4cc830000 (13 bytes)
1741604754.033121 sending message 112 to peer 0x7fe4cc830000 (13 bytes)
1741604754.033128 sending message 112 to peer 0x7fe4cc830000 (13 bytes)
1741604754.033134 sending message 112 to peer 0x7fe4cc830000 (13 bytes)
1741604754.033141 sending message 112 to peer 0x7fe4cc830000 (13 bytes)
1741604754.033147 sending message 112 to peer 0x7fe4cc830000 (8 bytes)
1741604754.033154 sending message 112 to peer 0x7fe4cc830000 (11 bytes)
1741604754.033163 sending message 112 to peer 0x7fe4cc830000 (11 bytes)
1741604754.033170 sending message 112 to peer 0x7fe4cc830000 (11 bytes)
1741604754.033176 sending message 112 to peer 0x7fe4cc830000 (12 bytes)
1741604754.033183 sending message 112 to peer 0x7fe4cc830000 (12 bytes)
1741604754.033189 sending message 112 to peer 0x7fe4cc830000 (12 bytes)
1741604754.033196 sending message 112 to peer 0x7fe4cc830000 (12 bytes)
1741604754.033202 sending message 112 to peer 0x7fe4cc830000 (13 bytes)
1741604754.033209 sending message 112 to peer 0x7fe4cc830000 (13 bytes)
1741604754.033215 sending message 112 to peer 0x7fe4cc830000 (13 bytes)
1741604754.033221 sending message 112 to peer 0x7fe4cc830000 (8 bytes)
1741604754.033228 sending message 112 to peer 0x7fe4cc830000 (13 bytes)
1741604754.033234 sending message 112 to peer 0x7fe4cc830000 (13 bytes)
1741604754.033241 sending message 112 to peer 0x7fe4cc830000 (13 bytes)
1741604754.033247 sending message 112 to peer 0x7fe4cc830000 (13 bytes)
1741604754.033253 sending message 112 to peer 0x7fe4cc830000 (13 bytes)
1741604754.033260 sending message 112 to peer 0x7fe4cc830000 (12 bytes)
1741604754.033266 sending message 112 to peer 0x7fe4cc830000 (12 bytes)
1741604754.033273 sending message 112 to peer 0x7fe4cc830000 (12 bytes)
1741604754.033279 sending message 112 to peer 0x7fe4cc830000 (12 bytes)
1741604754.033288 sending message 112 to peer 0x7fe4cc830000 (13 bytes)
1741604754.033295 sending message 112 to peer 0x7fe4cc830000 (8 bytes)
1741604754.033301 sending message 112 to peer 0x7fe4cc830000 (13 bytes)
1741604754.033308 sending message 112 to peer 0x7fe4cc830000 (13 bytes)
1741604754.033314 sending message 112 to peer 0x7fe4cc830000 (13 bytes)
1741604754.033320 sending message 112 to peer 0x7fe4cc830000 (13 bytes)
1741604754.033327 sending message 112 to peer 0x7fe4cc830000 (13 bytes)
1741604754.033333 sending message 112 to peer 0x7fe4cc830000 (13 bytes)
1741604754.033340 sending message 112 to peer 0x7fe4cc830000 (13 bytes)
1741604754.033346 sending message 112 to peer 0x7fe4cc830000 (12 bytes)
1741604754.033352 sending message 112 to peer 0x7fe4cc830000 (12 bytes)
1741604754.033359 sending message 112 to peer 0x7fe4cc830000 (12 bytes)
1741604754.033365 sending message 112 to peer 0x7fe4cc830000 (8 bytes)
1741604754.033384 sending message 112 to peer 0x7fe4cc830000 (12 bytes)
1741604754.033391 sending message 112 to peer 0x7fe4cc830000 (13 bytes)
1741604754.033397 sending message 112 to peer 0x7fe4cc830000 (13 bytes)
1741604754.033404 sending message 112 to peer 0x7fe4cc830000 (13 bytes)
1741604754.033414 sending message 112 to peer 0x7fe4cc830000 (13 bytes)
1741604754.033424 sending message 112 to peer 0x7fe4cc830000 (13 bytes)
1741604754.033431 sending message 112 to peer 0x7fe4cc830000 (13 bytes)
1741604754.033437 sending message 112 to peer 0x7fe4cc830000 (13 bytes)
1741604754.033444 sending message 112 to peer 0x7fe4cc830000 (13 bytes)
1741604754.033450 sending message 112 to peer 0x7fe4cc830000 (12 bytes)
1741604754.033456 sending message 112 to peer 0x7fe4cc830000 (10 bytes)
1741604754.033463 sending message 112 to peer 0x7fe4cc830000 (12 bytes)
1741604754.033469 sending message 112 to peer 0x7fe4cc830000 (12 bytes)
1741604754.033475 sending message 112 to peer 0x7fe4cc830000 (12 bytes)
1741604754.033482 sending message 112 to peer 0x7fe4cc830000 (13 bytes)
1741604754.033488 sending message 112 to peer 0x7fe4cc830000 (13 bytes)
1741604754.033495 sending message 112 to peer 0x7fe4cc830000 (13 bytes)
1741604754.033501 sending message 112 to peer 0x7fe4cc830000 (13 bytes)
1741604754.033507 sending message 112 to peer 0x7fe4cc830000 (13 bytes)
1741604754.033514 sending message 112 to peer 0x7fe4cc830000 (13 bytes)
1741604754.033520 sending message 112 to peer 0x7fe4cc830000 (13 bytes)
1741604754.033526 sending message 112 to peer 0x7fe4cc830000 (10 bytes)
1741604754.033533 sending message 112 to peer 0x7fe4cc830000 (13 bytes)
1741604754.033541 sending message 112 to peer 0x7fe4cc830000 (12 bytes)
1741604754.033548 sending message 112 to peer 0x7fe4cc830000 (12 bytes)
1741604754.033555 sending message 112 to peer 0x7fe4cc830000 (12 bytes)
1741604754.033561 sending message 112 to peer 0x7fe4cc830000 (10 bytes)
1741604754.033568 sending message 112 to peer 0x7fe4cc830000 (10 bytes)
1741604754.033574 sending message 112 to peer 0x7fe4cc830000 (10 bytes)
1741604754.033581 sending message 112 to peer 0x7fe4cc830000 (12 bytes)
1741604754.033587 sending message 112 to peer 0x7fe4cc830000 (13 bytes)
1741604754.033593 sending message 112 to peer 0x7fe4cc830000 (13 bytes)
1741604754.033600 sending message 112 to peer 0x7fe4cc830000 (13 bytes)
1741604754.033606 sending message 112 to peer 0x7fe4cc830000 (13 bytes)
1741604754.033612 sending message 112 to peer 0x7fe4cc830000 (13 bytes)
1741604754.033619 sending message 112 to peer 0x7fe4cc830000 (11 bytes)
1741604754.033625 sending message 112 to peer 0x7fe4cc830000 (11 bytes)
1741604754.033632 sending message 112 to peer 0x7fe4cc830000 (12 bytes)
1741604754.033638 sending message 112 to peer 0x7fe4cc830000 (12 bytes)
1741604754.033644 sending message 112 to peer 0x7fe4cc830000 (12 bytes)
1741604754.033651 sending message 112 to peer 0x7fe4cc830000 (12 bytes)
1741604754.033659 sending message 112 to peer 0x7fe4cc830000 (12 bytes)
1741604754.033666 sending message 112 to peer 0x7fe4cc830000 (11 bytes)
1741604754.033673 sending message 112 to peer 0x7fe4cc830000 (12 bytes)
1741604754.033679 sending message 112 to peer 0x7fe4cc830000 (12 bytes)
1741604754.033685 sending message 112 to peer 0x7fe4cc830000 (13 bytes)
1741604754.033692 sending message 112 to peer 0x7fe4cc830000 (13 bytes)
1741604754.033698 sending message 112 to peer 0x7fe4cc830000 (13 bytes)
1741604754.033705 sending message 112 to peer 0x7fe4cc830000 (13 bytes)
1741604754.033711 sending message 112 to peer 0x7fe4cc830000 (13 bytes)
1741604754.033717 sending message 112 to peer 0x7fe4cc830000 (10 bytes)
1741604754.033724 sending message 112 to peer 0x7fe4cc830000 (9 bytes)
1741604754.033730 sending message 112 to peer 0x7fe4cc830000 (12 bytes)
1741604754.033736 sending message 112 to peer 0x7fe4cc830000 (13 bytes)
1741604754.033743 sending message 112 to peer 0x7fe4cc830000 (13 bytes)
1741604754.033749 sending message 112 to peer 0x7fe4cc830000 (13 bytes)
1741604754.033756 sending message 112 to peer 0x7fe4cc830000 (13 bytes)
1741604754.033774 sending message 112 to peer 0x7fe4cc830000 (13 bytes)
1741604754.033781 sending message 112 to peer 0x7fe4cc830000 (9 bytes)
1741604754.033787 sending message 112 to peer 0x7fe4cc830000 (12 bytes)
1741604754.033796 sending message 112 to peer 0x7fe4cc830000 (13 bytes)
1741604754.033803 sending message 112 to peer 0x7fe4cc830000 (13 bytes)
1741604754.033809 sending message 112 to peer 0x7fe4cc830000 (13 bytes)
1741604754.033816 sending message 112 to peer 0x7fe4cc830000 (13 bytes)
1741604754.033822 sending message 112 to peer 0x7fe4cc830000 (13 bytes)
1741604754.033829 sending message 112 to peer 0x7fe4cc830000 (11 bytes)
1741604754.033835 sending message 112 to peer 0x7fe4cc830000 (12 bytes)
1741604754.033842 sending message 112 to peer 0x7fe4cc830000 (13 bytes)
1741604754.033848 sending message 112 to peer 0x7fe4cc830000 (13 bytes)
1741604754.033855 sending message 112 to peer 0x7fe4cc830000 (13 bytes)
1741604754.033861 sending message 112 to peer 0x7fe4cc830000 (13 bytes)
1741604754.033868 sending message 112 to peer 0x7fe4cc830000 (13 bytes)
1741604754.033874 sending message 112 to peer 0x7fe4cc830000 (11 bytes)
1741604754.033880 sending message 112 to peer 0x7fe4cc830000 (12 bytes)
1741604754.033887 sending message 112 to peer 0x7fe4cc830000 (12 bytes)
1741604754.033893 sending message 112 to peer 0x7fe4cc830000 (12 bytes)
1741604754.033900 sending message 112 to peer 0x7fe4cc830000 (12 bytes)
1741604754.033906 sending message 112 to peer 0x7fe4cc830000 (12 bytes)
1741604754.033915 sending message 112 to peer 0x7fe4cc830000 (21 bytes)
1741604754.033922 sending message 112 to peer 0x7fe4cc830000 (12 bytes)
1741604754.033928 sending message 112 to peer 0x7fe4cc830000 (9 bytes)
1741604754.033935 sending message 112 to peer 0x7fe4cc830000 (6 bytes)
1741604754.033941 sending message 112 to peer 0x7fe4cc830000 (13 bytes)
1741604754.033948 sending message 112 to peer 0x7fe4cc830000 (8 bytes)
1741604754.033954 sending message 112 to peer 0x7fe4cc830000 (15 bytes)
1741604754.033961 sending message 112 to peer 0x7fe4cc830000 (13 bytes)
1741604754.033967 sending message 112 to peer 0x7fe4cc830000 (9 bytes)
1741604754.033974 sending message 112 to peer 0x7fe4cc830000 (70 bytes)
1741604754.033981 sending message 112 to peer 0x7fe4cc830000 (69 bytes)
1741604754.033987 sending message 112 to peer 0x7fe4cc830000 (10 bytes)
1741604754.033994 sending message 112 to peer 0x7fe4cc830000 (10 bytes)
1741604754.034000 sending message 112 to peer 0x7fe4cc830000 (8 bytes)
1741604754.034007 sending message 112 to peer 0x7fe4cc830000 (15 bytes)
1741604754.034013 sending message 112 to peer 0x7fe4cc830000 (13 bytes)
1741604754.034019 sending message 112 to peer 0x7fe4cc830000 (10 bytes)
1741604754.034026 sending message 112 to peer 0x7fe4cc830000 (10 bytes)
1741604754.034035 sending message 112 to peer 0x7fe4cc830000 (17 bytes)
1741604754.034042 sending message 112 to peer 0x7fe4cc830000 (10 bytes)
1741604754.034048 sending message 112 to peer 0x7fe4cc830000 (13 bytes)
1741604754.034055 sending message 112 to peer 0x7fe4cc830000 (9 bytes)
1741604754.034061 sending message 112 to peer 0x7fe4cc830000 (5 bytes)
1741604754.034068 sending message 112 to peer 0x7fe4cc830000 (15 bytes)
1741604754.034076 sending message 104 to peer 0x7fe4cc830000 (0 bytes)
1741604754.034084 sending message 110 to peer 0x7fe4cc830000 (0 bytes)
1741604754.034091 sending message 107 to peer 0x7fe4cc830000 (4 bytes)
1741604754.034097 sending message 105 to peer 0x7fe4cc830000 (13 bytes)
1741604754.034104 sending message 105 to peer 0x7fe4cc830000 (20 bytes)
1741604754.034110 sending message 105 to peer 0x7fe4cc830000 (20 bytes)
1741604754.034117 sending message 105 to peer 0x7fe4cc830000 (22 bytes)
1741604754.034123 sending message 105 to peer 0x7fe4cc830000 (49 bytes)
1741604754.034129 sending message 105 to peer 0x7fe4cc830000 (12 bytes)
1741604754.034136 sending message 105 to peer 0x7fe4cc830000 (91 bytes)
1741604754.034142 sending message 105 to peer 0x7fe4cc830000 (18 bytes)
1741604754.034149 sending message 105 to peer 0x7fe4cc830000 (24 bytes)
1741604754.034166 sending message 105 to peer 0x7fe4cc830000 (17 bytes)
1741604754.034175 sending message 105 to peer 0x7fe4cc830000 (19 bytes)
1741604754.034182 sending message 105 to peer 0x7fe4cc830000 (34 bytes)
1741604754.034189 sending message 105 to peer 0x7fe4cc830000 (14 bytes)
1741604754.034195 sending message 105 to peer 0x7fe4cc830000 (32 bytes)
1741604754.034202 sending message 105 to peer 0x7fe4cc830000 (96 bytes)
1741604754.034208 sending message 105 to peer 0x7fe4cc830000 (54 bytes)
1741604754.034215 sending message 105 to peer 0x7fe4cc830000 (17 bytes)
1741604754.034221 sending message 105 to peer 0x7fe4cc830000 (53 bytes)
1741604754.034227 sending message 105 to peer 0x7fe4cc830000 (16 bytes)
1741604754.034234 sending message 105 to peer 0x7fe4cc830000 (26 bytes)
1741604754.034240 sending message 105 to peer 0x7fe4cc830000 (62 bytes)
1741604754.034247 sending message 105 to peer 0x7fe4cc830000 (51 bytes)
1741604754.034253 sending message 105 to peer 0x7fe4cc830000 (39 bytes)
1741604754.034260 sending message 105 to peer 0x7fe4cc830000 (11 bytes)
1741604754.034267 sending message 105 to peer 0x7fe4cc830000 (896 bytes)
1741604754.034276 sending message 105 to peer 0x7fe4cc830000 (48 bytes)
1741604754.034283 sending message 105 to peer 0x7fe4cc830000 (34 bytes)
1741604754.034289 sending message 105 to peer 0x7fe4cc830000 (32 bytes)
1741604754.034296 sending message 105 to peer 0x7fe4cc830000 (16 bytes)
1741604754.034302 sending message 105 to peer 0x7fe4cc830000 (24 bytes)
1741604754.034309 sending message 105 to peer 0x7fe4cc830000 (15 bytes)
1741604754.034315 sending message 105 to peer 0x7fe4cc830000 (8 bytes)
1741604754.034322 sending message 105 to peer 0x7fe4cc830000 (66 bytes)
1741604754.034328 sending message 105 to peer 0x7fe4cc830000 (19 bytes)
1741604754.034335 sending message 105 to peer 0x7fe4cc830000 (18 bytes)
1741604754.034341 sending message 105 to peer 0x7fe4cc830000 (26 bytes)
1741604754.034348 sending message 105 to peer 0x7fe4cc830000 (57 bytes)
1741604754.034354 sending message 105 to peer 0x7fe4cc830000 (43 bytes)
1741604754.034361 sending message 105 to peer 0x7fe4cc830000 (13 bytes)
1741604754.034367 sending message 105 to peer 0x7fe4cc830000 (11 bytes)
1741604754.034374 sending message 105 to peer 0x7fe4cc830000 (26 bytes)
1741604754.034380 sending message 105 to peer 0x7fe4cc830000 (12 bytes)
1741604754.034389 sending message 105 to peer 0x7fe4cc830000 (31 bytes)
1741604754.034396 sending message 105 to peer 0x7fe4cc830000 (108 bytes)
1741604754.034403 sending message 105 to peer 0x7fe4cc830000 (134 bytes)
1741604754.034409 sending message 105 to peer 0x7fe4cc830000 (98 bytes)
1741604754.034416 sending message 105 to peer 0x7fe4cc830000 (19 bytes)
1741604754.034422 sending message 105 to peer 0x7fe4cc830000 (14 bytes)
1741604754.034429 sending message 105 to peer 0x7fe4cc830000 (19 bytes)
1741604754.034435 sending message 105 to peer 0x7fe4cc830000 (21 bytes)
1741604754.034441 sending message 105 to peer 0x7fe4cc830000 (51 bytes)
1741604754.034448 sending message 105 to peer 0x7fe4cc830000 (38 bytes)
1741604754.034454 sending message 105 to peer 0x7fe4cc830000 (35 bytes)
1741604754.034460 sending message 105 to peer 0x7fe4cc830000 (27 bytes)
1741604754.034467 sending message 105 to peer 0x7fe4cc830000 (24 bytes)
1741604754.034473 sending message 105 to peer 0x7fe4cc830000 (29 bytes)
1741604754.034480 sending message 105 to peer 0x7fe4cc830000 (21 bytes)
1741604754.034486 sending message 105 to peer 0x7fe4cc830000 (24 bytes)
1741604754.034493 sending message 105 to peer 0x7fe4cc830000 (18 bytes)
1741604754.034499 sending message 105 to peer 0x7fe4cc830000 (22 bytes)
1741604754.034507 sending message 106 to peer 0x7fe4cc830000 (0 bytes)
1741604754.034638 sending message 200 to peer 0x7fe4cc830000 (4 bytes)
1741604754.034648 client loop enter
1741604754.034923 peer 0x7fe4cc830000 message 303
1741604754.034947 open write file 2 -
1741604754.034974 sending message 305 to peer 0x7fe4cc830000 (8 bytes)
1741604754.034993 write check file 2
1741604754.035059 peer 0x7fe4cc830000 message 304
1741604754.035086 write 58 to file 2
1741604754.035102 peer 0x7fe4cc830000 message 203
1741604754.035109 file 2 58 bytes left
1741604754.035127 write check file 2
1741604754.035135 client loop exit
