1741604768.370226 client started (75894): version 3.5a, socket /private/tmp/tmux-501/default, protocol 8
1741604768.370298 on Darwin 24.3.0 Darwin Kernel Version 24.3.0: Thu Jan  2 20:22:00 PST 2025; root:xnu-11215.81.4~3/RELEASE_X86_64
1741604768.370315 using libevent 2.1.12-stable select
1741604768.370331 using utf8proc 2.10.0
1741604768.370341 using ncurses 6.5 20240427
1741604768.370373 flags are 0x18010000
1741604768.370384 socket is /private/tmp/tmux-501/default
1741604768.370399 trying connect
1741604768.370482 add peer 0x7fd034030000: 7 (0x0)
1741604768.373120 sending message 111 to peer 0x7fd034030000 (8 bytes)
1741604768.373156 sending message 111 to peer 0x7fd034030000 (8 bytes)
1741604768.373169 sending message 101 to peer 0x7fd034030000 (15 bytes)
1741604768.373180 sending message 109 to peer 0x7fd034030000 (4 bytes)
1741604768.373189 sending message 102 to peer 0x7fd034030000 (13 bytes)
1741604768.373199 sending message 108 to peer 0x7fd034030000 (44 bytes)
1741604768.373208 sending message 112 to peer 0x7fd034030000 (58 bytes)
1741604768.373218 sending message 112 to peer 0x7fd034030000 (5 bytes)
1741604768.373227 sending message 112 to peer 0x7fd034030000 (5 bytes)
1741604768.373237 sending message 112 to peer 0x7fd034030000 (6 bytes)
1741604768.373246 sending message 112 to peer 0x7fd034030000 (6 bytes)
1741604768.373259 sending message 112 to peer 0x7fd034030000 (11 bytes)
1741604768.373269 sending message 112 to peer 0x7fd034030000 (10 bytes)
1741604768.373278 sending message 112 to peer 0x7fd034030000 (13 bytes)
1741604768.373287 sending message 112 to peer 0x7fd034030000 (14 bytes)
1741604768.373297 sending message 112 to peer 0x7fd034030000 (19 bytes)
1741604768.373306 sending message 112 to peer 0x7fd034030000 (11 bytes)
1741604768.373315 sending message 112 to peer 0x7fd034030000 (10 bytes)
1741604768.373324 sending message 112 to peer 0x7fd034030000 (15 bytes)
1741604768.373334 sending message 112 to peer 0x7fd034030000 (21 bytes)
1741604768.373343 sending message 112 to peer 0x7fd034030000 (13 bytes)
1741604768.373352 sending message 112 to peer 0x7fd034030000 (7 bytes)
1741604768.373361 sending message 112 to peer 0x7fd034030000 (13 bytes)
1741604768.373370 sending message 112 to peer 0x7fd034030000 (7 bytes)
1741604768.373379 sending message 112 to peer 0x7fd034030000 (13 bytes)
1741604768.373388 sending message 112 to peer 0x7fd034030000 (9 bytes)
1741604768.373397 sending message 112 to peer 0x7fd034030000 (21 bytes)
1741604768.373406 sending message 112 to peer 0x7fd034030000 (13 bytes)
1741604768.373415 sending message 112 to peer 0x7fd034030000 (9 bytes)
1741604768.373424 sending message 112 to peer 0x7fd034030000 (16 bytes)
1741604768.373434 sending message 112 to peer 0x7fd034030000 (13 bytes)
1741604768.373443 sending message 112 to peer 0x7fd034030000 (9 bytes)
1741604768.373452 sending message 112 to peer 0x7fd034030000 (9 bytes)
1741604768.373461 sending message 112 to peer 0x7fd034030000 (12 bytes)
1741604768.373470 sending message 112 to peer 0x7fd034030000 (8 bytes)
1741604768.373479 sending message 112 to peer 0x7fd034030000 (8 bytes)
1741604768.373489 sending message 112 to peer 0x7fd034030000 (13 bytes)
1741604768.373498 sending message 112 to peer 0x7fd034030000 (7 bytes)
1741604768.373507 sending message 112 to peer 0x7fd034030000 (7 bytes)
1741604768.373516 sending message 112 to peer 0x7fd034030000 (9 bytes)
1741604768.373525 sending message 112 to peer 0x7fd034030000 (9 bytes)
1741604768.373534 sending message 112 to peer 0x7fd034030000 (15 bytes)
1741604768.373543 sending message 112 to peer 0x7fd034030000 (13 bytes)
1741604768.373552 sending message 112 to peer 0x7fd034030000 (12 bytes)
1741604768.373561 sending message 112 to peer 0x7fd034030000 (8 bytes)
1741604768.373574 sending message 112 to peer 0x7fd034030000 (14 bytes)
1741604768.373583 sending message 112 to peer 0x7fd034030000 (11 bytes)
1741604768.373593 sending message 112 to peer 0x7fd034030000 (9 bytes)
1741604768.373602 sending message 112 to peer 0x7fd034030000 (10 bytes)
1741604768.373611 sending message 112 to peer 0x7fd034030000 (10 bytes)
1741604768.373635 sending message 112 to peer 0x7fd034030000 (10 bytes)
1741604768.373642 sending message 112 to peer 0x7fd034030000 (10 bytes)
1741604768.373649 sending message 112 to peer 0x7fd034030000 (11 bytes)
1741604768.373655 sending message 112 to peer 0x7fd034030000 (12 bytes)
1741604768.373662 sending message 112 to peer 0x7fd034030000 (12 bytes)
1741604768.373668 sending message 112 to peer 0x7fd034030000 (12 bytes)
1741604768.373675 sending message 112 to peer 0x7fd034030000 (12 bytes)
1741604768.373681 sending message 112 to peer 0x7fd034030000 (12 bytes)
1741604768.373688 sending message 112 to peer 0x7fd034030000 (11 bytes)
1741604768.373694 sending message 112 to peer 0x7fd034030000 (11 bytes)
1741604768.373701 sending message 112 to peer 0x7fd034030000 (12 bytes)
1741604768.373707 sending message 112 to peer 0x7fd034030000 (12 bytes)
1741604768.373714 sending message 112 to peer 0x7fd034030000 (12 bytes)
1741604768.373723 sending message 112 to peer 0x7fd034030000 (12 bytes)
1741604768.373730 sending message 112 to peer 0x7fd034030000 (12 bytes)
1741604768.373737 sending message 112 to peer 0x7fd034030000 (9 bytes)
1741604768.373743 sending message 112 to peer 0x7fd034030000 (12 bytes)
1741604768.373750 sending message 112 to peer 0x7fd034030000 (13 bytes)
1741604768.373756 sending message 112 to peer 0x7fd034030000 (13 bytes)
1741604768.373763 sending message 112 to peer 0x7fd034030000 (13 bytes)
1741604768.373770 sending message 112 to peer 0x7fd034030000 (13 bytes)
1741604768.373776 sending message 112 to peer 0x7fd034030000 (13 bytes)
1741604768.373783 sending message 112 to peer 0x7fd034030000 (8 bytes)
1741604768.373789 sending message 112 to peer 0x7fd034030000 (11 bytes)
1741604768.373796 sending message 112 to peer 0x7fd034030000 (11 bytes)
1741604768.373802 sending message 112 to peer 0x7fd034030000 (11 bytes)
1741604768.373809 sending message 112 to peer 0x7fd034030000 (12 bytes)
1741604768.373815 sending message 112 to peer 0x7fd034030000 (12 bytes)
1741604768.373822 sending message 112 to peer 0x7fd034030000 (12 bytes)
1741604768.373828 sending message 112 to peer 0x7fd034030000 (12 bytes)
1741604768.373835 sending message 112 to peer 0x7fd034030000 (13 bytes)
1741604768.373843 sending message 112 to peer 0x7fd034030000 (13 bytes)
1741604768.373851 sending message 112 to peer 0x7fd034030000 (13 bytes)
1741604768.373857 sending message 112 to peer 0x7fd034030000 (8 bytes)
1741604768.373864 sending message 112 to peer 0x7fd034030000 (13 bytes)
1741604768.373870 sending message 112 to peer 0x7fd034030000 (13 bytes)
1741604768.373879 sending message 112 to peer 0x7fd034030000 (13 bytes)
1741604768.373886 sending message 112 to peer 0x7fd034030000 (13 bytes)
1741604768.373893 sending message 112 to peer 0x7fd034030000 (13 bytes)
1741604768.373900 sending message 112 to peer 0x7fd034030000 (12 bytes)
1741604768.373906 sending message 112 to peer 0x7fd034030000 (12 bytes)
1741604768.373913 sending message 112 to peer 0x7fd034030000 (12 bytes)
1741604768.373919 sending message 112 to peer 0x7fd034030000 (12 bytes)
1741604768.373926 sending message 112 to peer 0x7fd034030000 (13 bytes)
1741604768.373933 sending message 112 to peer 0x7fd034030000 (8 bytes)
1741604768.373939 sending message 112 to peer 0x7fd034030000 (13 bytes)
1741604768.373946 sending message 112 to peer 0x7fd034030000 (13 bytes)
1741604768.373953 sending message 112 to peer 0x7fd034030000 (13 bytes)
1741604768.373991 sending message 112 to peer 0x7fd034030000 (13 bytes)
1741604768.374009 sending message 112 to peer 0x7fd034030000 (13 bytes)
1741604768.374018 sending message 112 to peer 0x7fd034030000 (13 bytes)
1741604768.374025 sending message 112 to peer 0x7fd034030000 (13 bytes)
1741604768.374032 sending message 112 to peer 0x7fd034030000 (12 bytes)
1741604768.374038 sending message 112 to peer 0x7fd034030000 (12 bytes)
1741604768.374045 sending message 112 to peer 0x7fd034030000 (12 bytes)
1741604768.374051 sending message 112 to peer 0x7fd034030000 (8 bytes)
1741604768.374058 sending message 112 to peer 0x7fd034030000 (12 bytes)
1741604768.374079 sending message 112 to peer 0x7fd034030000 (13 bytes)
1741604768.374086 sending message 112 to peer 0x7fd034030000 (13 bytes)
1741604768.374092 sending message 112 to peer 0x7fd034030000 (13 bytes)
1741604768.374099 sending message 112 to peer 0x7fd034030000 (13 bytes)
1741604768.374106 sending message 112 to peer 0x7fd034030000 (13 bytes)
1741604768.374112 sending message 112 to peer 0x7fd034030000 (13 bytes)
1741604768.374119 sending message 112 to peer 0x7fd034030000 (13 bytes)
1741604768.374125 sending message 112 to peer 0x7fd034030000 (13 bytes)
1741604768.374132 sending message 112 to peer 0x7fd034030000 (12 bytes)
1741604768.374139 sending message 112 to peer 0x7fd034030000 (10 bytes)
1741604768.374145 sending message 112 to peer 0x7fd034030000 (12 bytes)
1741604768.374154 sending message 112 to peer 0x7fd034030000 (12 bytes)
1741604768.374161 sending message 112 to peer 0x7fd034030000 (12 bytes)
1741604768.374168 sending message 112 to peer 0x7fd034030000 (13 bytes)
1741604768.374175 sending message 112 to peer 0x7fd034030000 (13 bytes)
1741604768.374181 sending message 112 to peer 0x7fd034030000 (13 bytes)
1741604768.374188 sending message 112 to peer 0x7fd034030000 (13 bytes)
1741604768.374194 sending message 112 to peer 0x7fd034030000 (13 bytes)
1741604768.374201 sending message 112 to peer 0x7fd034030000 (13 bytes)
1741604768.374207 sending message 112 to peer 0x7fd034030000 (13 bytes)
1741604768.374214 sending message 112 to peer 0x7fd034030000 (10 bytes)
1741604768.374220 sending message 112 to peer 0x7fd034030000 (13 bytes)
1741604768.374227 sending message 112 to peer 0x7fd034030000 (12 bytes)
1741604768.374234 sending message 112 to peer 0x7fd034030000 (12 bytes)
1741604768.374240 sending message 112 to peer 0x7fd034030000 (12 bytes)
1741604768.374247 sending message 112 to peer 0x7fd034030000 (10 bytes)
1741604768.374253 sending message 112 to peer 0x7fd034030000 (10 bytes)
1741604768.374260 sending message 112 to peer 0x7fd034030000 (10 bytes)
1741604768.374266 sending message 112 to peer 0x7fd034030000 (12 bytes)
1741604768.374275 sending message 112 to peer 0x7fd034030000 (13 bytes)
1741604768.374282 sending message 112 to peer 0x7fd034030000 (13 bytes)
1741604768.374288 sending message 112 to peer 0x7fd034030000 (13 bytes)
1741604768.374295 sending message 112 to peer 0x7fd034030000 (13 bytes)
1741604768.374301 sending message 112 to peer 0x7fd034030000 (13 bytes)
1741604768.374308 sending message 112 to peer 0x7fd034030000 (10 bytes)
1741604768.374315 sending message 112 to peer 0x7fd034030000 (11 bytes)
1741604768.374321 sending message 112 to peer 0x7fd034030000 (12 bytes)
1741604768.374328 sending message 112 to peer 0x7fd034030000 (12 bytes)
1741604768.374334 sending message 112 to peer 0x7fd034030000 (12 bytes)
1741604768.374341 sending message 112 to peer 0x7fd034030000 (12 bytes)
1741604768.374348 sending message 112 to peer 0x7fd034030000 (12 bytes)
1741604768.374354 sending message 112 to peer 0x7fd034030000 (11 bytes)
1741604768.374361 sending message 112 to peer 0x7fd034030000 (12 bytes)
1741604768.374367 sending message 112 to peer 0x7fd034030000 (12 bytes)
1741604768.374374 sending message 112 to peer 0x7fd034030000 (13 bytes)
1741604768.374380 sending message 112 to peer 0x7fd034030000 (13 bytes)
1741604768.374387 sending message 112 to peer 0x7fd034030000 (13 bytes)
1741604768.374396 sending message 112 to peer 0x7fd034030000 (13 bytes)
1741604768.374403 sending message 112 to peer 0x7fd034030000 (13 bytes)
1741604768.374409 sending message 112 to peer 0x7fd034030000 (10 bytes)
1741604768.374416 sending message 112 to peer 0x7fd034030000 (9 bytes)
1741604768.374423 sending message 112 to peer 0x7fd034030000 (12 bytes)
1741604768.374429 sending message 112 to peer 0x7fd034030000 (13 bytes)
1741604768.374436 sending message 112 to peer 0x7fd034030000 (13 bytes)
1741604768.374442 sending message 112 to peer 0x7fd034030000 (13 bytes)
1741604768.374449 sending message 112 to peer 0x7fd034030000 (13 bytes)
1741604768.374455 sending message 112 to peer 0x7fd034030000 (13 bytes)
1741604768.374473 sending message 112 to peer 0x7fd034030000 (9 bytes)
1741604768.374480 sending message 112 to peer 0x7fd034030000 (12 bytes)
1741604768.374486 sending message 112 to peer 0x7fd034030000 (13 bytes)
1741604768.374493 sending message 112 to peer 0x7fd034030000 (13 bytes)
1741604768.374500 sending message 112 to peer 0x7fd034030000 (13 bytes)
1741604768.374506 sending message 112 to peer 0x7fd034030000 (13 bytes)
1741604768.374513 sending message 112 to peer 0x7fd034030000 (13 bytes)
1741604768.374519 sending message 112 to peer 0x7fd034030000 (11 bytes)
1741604768.374526 sending message 112 to peer 0x7fd034030000 (12 bytes)
1741604768.374535 sending message 112 to peer 0x7fd034030000 (13 bytes)
1741604768.374542 sending message 112 to peer 0x7fd034030000 (13 bytes)
1741604768.374549 sending message 112 to peer 0x7fd034030000 (13 bytes)
1741604768.374555 sending message 112 to peer 0x7fd034030000 (13 bytes)
1741604768.374562 sending message 112 to peer 0x7fd034030000 (13 bytes)
1741604768.374568 sending message 112 to peer 0x7fd034030000 (11 bytes)
1741604768.374575 sending message 112 to peer 0x7fd034030000 (12 bytes)
1741604768.374581 sending message 112 to peer 0x7fd034030000 (12 bytes)
1741604768.374588 sending message 112 to peer 0x7fd034030000 (12 bytes)
1741604768.374594 sending message 112 to peer 0x7fd034030000 (12 bytes)
1741604768.374601 sending message 112 to peer 0x7fd034030000 (12 bytes)
1741604768.374608 sending message 112 to peer 0x7fd034030000 (21 bytes)
1741604768.374614 sending message 112 to peer 0x7fd034030000 (12 bytes)
1741604768.374621 sending message 112 to peer 0x7fd034030000 (9 bytes)
1741604768.374627 sending message 112 to peer 0x7fd034030000 (6 bytes)
1741604768.374634 sending message 112 to peer 0x7fd034030000 (13 bytes)
1741604768.374640 sending message 112 to peer 0x7fd034030000 (10 bytes)
1741604768.374647 sending message 112 to peer 0x7fd034030000 (24 bytes)
1741604768.374656 sending message 112 to peer 0x7fd034030000 (13 bytes)
1741604768.374663 sending message 112 to peer 0x7fd034030000 (9 bytes)
1741604768.374670 sending message 112 to peer 0x7fd034030000 (70 bytes)
1741604768.374676 sending message 112 to peer 0x7fd034030000 (69 bytes)
1741604768.374683 sending message 112 to peer 0x7fd034030000 (12 bytes)
1741604768.374689 sending message 112 to peer 0x7fd034030000 (10 bytes)
1741604768.374696 sending message 112 to peer 0x7fd034030000 (10 bytes)
1741604768.374703 sending message 112 to peer 0x7fd034030000 (24 bytes)
1741604768.374709 sending message 112 to peer 0x7fd034030000 (13 bytes)
1741604768.374716 sending message 112 to peer 0x7fd034030000 (10 bytes)
1741604768.374722 sending message 112 to peer 0x7fd034030000 (10 bytes)
1741604768.374729 sending message 112 to peer 0x7fd034030000 (10 bytes)
1741604768.374735 sending message 112 to peer 0x7fd034030000 (13 bytes)
1741604768.374742 sending message 112 to peer 0x7fd034030000 (15 bytes)
1741604768.374748 sending message 112 to peer 0x7fd034030000 (5 bytes)
1741604768.374757 sending message 104 to peer 0x7fd034030000 (0 bytes)
1741604768.374765 sending message 110 to peer 0x7fd034030000 (0 bytes)
1741604768.374772 sending message 107 to peer 0x7fd034030000 (4 bytes)
1741604768.374781 sending message 105 to peer 0x7fd034030000 (17 bytes)
1741604768.374788 sending message 105 to peer 0x7fd034030000 (11 bytes)
1741604768.374795 sending message 105 to peer 0x7fd034030000 (24 bytes)
1741604768.374801 sending message 105 to peer 0x7fd034030000 (22 bytes)
1741604768.374808 sending message 105 to peer 0x7fd034030000 (51 bytes)
1741604768.374815 sending message 105 to peer 0x7fd034030000 (896 bytes)
1741604768.374822 sending message 105 to peer 0x7fd034030000 (18 bytes)
1741604768.374828 sending message 105 to peer 0x7fd034030000 (15 bytes)
1741604768.374835 sending message 105 to peer 0x7fd034030000 (54 bytes)
1741604768.374842 sending message 105 to peer 0x7fd034030000 (38 bytes)
1741604768.374848 sending message 105 to peer 0x7fd034030000 (19 bytes)
1741604768.374855 sending message 105 to peer 0x7fd034030000 (66 bytes)
1741604768.374872 sending message 105 to peer 0x7fd034030000 (14 bytes)
1741604768.374879 sending message 105 to peer 0x7fd034030000 (14 bytes)
1741604768.374889 sending message 105 to peer 0x7fd034030000 (57 bytes)
1741604768.374896 sending message 105 to peer 0x7fd034030000 (39 bytes)
1741604768.374903 sending message 105 to peer 0x7fd034030000 (49 bytes)
1741604768.374909 sending message 105 to peer 0x7fd034030000 (8 bytes)
1741604768.374916 sending message 105 to peer 0x7fd034030000 (48 bytes)
1741604768.374922 sending message 105 to peer 0x7fd034030000 (51 bytes)
1741604768.374929 sending message 105 to peer 0x7fd034030000 (24 bytes)
1741604768.374935 sending message 105 to peer 0x7fd034030000 (27 bytes)
1741604768.374942 sending message 105 to peer 0x7fd034030000 (35 bytes)
1741604768.374949 sending message 105 to peer 0x7fd034030000 (29 bytes)
1741604768.374955 sending message 105 to peer 0x7fd034030000 (13 bytes)
1741604768.374962 sending message 105 to peer 0x7fd034030000 (12 bytes)
1741604768.374968 sending message 105 to peer 0x7fd034030000 (12 bytes)
1741604768.374975 sending message 105 to peer 0x7fd034030000 (11 bytes)
1741604768.374981 sending message 105 to peer 0x7fd034030000 (17 bytes)
1741604768.374988 sending message 105 to peer 0x7fd034030000 (34 bytes)
1741604768.374995 sending message 105 to peer 0x7fd034030000 (24 bytes)
1741604768.375001 sending message 105 to peer 0x7fd034030000 (32 bytes)
1741604768.375008 sending message 105 to peer 0x7fd034030000 (96 bytes)
1741604768.375016 sending message 105 to peer 0x7fd034030000 (16 bytes)
1741604768.375023 sending message 105 to peer 0x7fd034030000 (34 bytes)
1741604768.375030 sending message 105 to peer 0x7fd034030000 (26 bytes)
1741604768.375036 sending message 105 to peer 0x7fd034030000 (16 bytes)
1741604768.375043 sending message 105 to peer 0x7fd034030000 (53 bytes)
1741604768.375050 sending message 105 to peer 0x7fd034030000 (62 bytes)
1741604768.375056 sending message 105 to peer 0x7fd034030000 (19 bytes)
1741604768.375063 sending message 105 to peer 0x7fd034030000 (20 bytes)
1741604768.375069 sending message 105 to peer 0x7fd034030000 (32 bytes)
1741604768.375076 sending message 105 to peer 0x7fd034030000 (20 bytes)
1741604768.375082 sending message 105 to peer 0x7fd034030000 (28 bytes)
1741604768.375089 sending message 105 to peer 0x7fd034030000 (20 bytes)
1741604768.375095 sending message 105 to peer 0x7fd034030000 (91 bytes)
1741604768.375102 sending message 105 to peer 0x7fd034030000 (134 bytes)
1741604768.375109 sending message 105 to peer 0x7fd034030000 (31 bytes)
1741604768.375115 sending message 105 to peer 0x7fd034030000 (108 bytes)
1741604768.375122 sending message 105 to peer 0x7fd034030000 (98 bytes)
1741604768.375128 sending message 105 to peer 0x7fd034030000 (19 bytes)
1741604768.375137 sending message 105 to peer 0x7fd034030000 (21 bytes)
1741604768.375144 sending message 105 to peer 0x7fd034030000 (26 bytes)
1741604768.375151 sending message 105 to peer 0x7fd034030000 (20 bytes)
1741604768.375158 sending message 105 to peer 0x7fd034030000 (21 bytes)
1741604768.375164 sending message 105 to peer 0x7fd034030000 (24 bytes)
1741604768.375171 sending message 105 to peer 0x7fd034030000 (18 bytes)
1741604768.375177 sending message 105 to peer 0x7fd034030000 (22 bytes)
1741604768.375184 sending message 106 to peer 0x7fd034030000 (0 bytes)
1741604768.375312 sending message 200 to peer 0x7fd034030000 (4 bytes)
1741604768.375322 client loop enter
1741604768.377900 peer 0x7fd034030000 message 207
1741604768.377921 sending message 208 to peer 0x7fd034030000 (0 bytes)
1741604776.201948 client_signal: Window size changes: 28
1741604776.201983 sending message 208 to peer 0x7fd034030000 (0 bytes)
1741604777.217466 client_signal: Window size changes: 28
1741604777.217499 sending message 208 to peer 0x7fd034030000 (0 bytes)
1741604796.541529 client_signal: Window size changes: 28
1741604796.541582 sending message 208 to peer 0x7fd034030000 (0 bytes)
1741604796.541734 client_signal: Window size changes: 28
1741604796.541784 sending message 208 to peer 0x7fd034030000 (0 bytes)
1741604796.541815 client_signal: Window size changes: 28
1741604796.541823 sending message 208 to peer 0x7fd034030000 (0 bytes)
1741604796.542016 client_signal: Window size changes: 28
1741604796.542034 sending message 208 to peer 0x7fd034030000 (0 bytes)
1741619820.305692 client_signal: Window size changes: 28
1741619820.307077 sending message 208 to peer 0x7fd034030000 (0 bytes)
1741619820.961405 client_signal: Window size changes: 28
1741619820.961449 sending message 208 to peer 0x7fd034030000 (0 bytes)
1741648839.250190 client_signal: Window size changes: 28
1741648839.253311 sending message 208 to peer 0x7fd034030000 (0 bytes)
1741679220.424492 client_signal: Window size changes: 28
1741679220.425156 sending message 208 to peer 0x7fd034030000 (0 bytes)
1741681828.438845 client_signal: Window size changes: 28
1741681828.443299 sending message 208 to peer 0x7fd034030000 (0 bytes)
1741681837.042938 client_signal: Window size changes: 28
1741681837.042984 sending message 208 to peer 0x7fd034030000 (0 bytes)
1741682585.170209 client_signal: Hangup: 1
1741682585.170832 sending message 205 to peer 0x7fd034030000 (0 bytes)
1741682585.172901 peer 0x7fd034030000 message 204
1741682585.172937 client loop exit
